# JRE version: OpenJDK Runtime Environment (15.0.1+9) (build 15.0.1+9-18)
# Java VM: OpenJDK 64-Bit Server VM (15.0.1+9-18, mixed mode, sharing, tiered, compressed oops, g1 gc, windows-amd64)
GC Precious Log:
 CPUs: 8 total, 8 available
 Memory: 7998M
 Large Page Support: Disabled
 NUMA Support: Disabled
 Compressed Oops: Enabled (32-bit)
 Heap Region Size: 1M
 Heap Min Capacity: 8M
 Heap Initial Capacity: 126M
 Heap Max Capacity: 2000M
 Pre-touch: Disabled
 Parallel Workers: 8
 Concurrent Workers: 2
 Concurrent Refinement Workers: 8
 Periodic GC: Disabled
Heap:
 garbage-first heap   total 360448K, used 144896K [0x0000000083000000, 0x0000000100000000)
  region size 1024K, 5 young (5120K), 5 survivors (5120K)
 Metaspace       used 9620K, capacity 12664K, committed 12800K, reserved 1060864K
  class space    used 974K, capacity 1260K, committed 1280K, reserved 1048576K
GC Heap History (17 events):
Event: 1.890 GC heap before
{Heap before GC invocations=0 (full 0):
 garbage-first heap   total 129024K, used 26624K [0x0000000083000000, 0x0000000100000000)
  region size 1024K, 23 young (23552K), 0 survivors (0K)
 Metaspace       used 6671K, capacity 10002K, committed 10240K, reserved 1058816K
  class space    used 669K, capacity 970K, committed 1024K, reserved 1048576K
}
Event: 1.976 GC heap after
{Heap after GC invocations=1 (full 0):
 garbage-first heap   total 129024K, used 5549K [0x0000000083000000, 0x0000000100000000)
  region size 1024K, 3 young (3072K), 3 survivors (3072K)
 Metaspace       used 6671K, capacity 10002K, committed 10240K, reserved 1058816K
  class space    used 669K, capacity 970K, committed 1024K, reserved 1048576K
}
Event: 2.768 GC heap before
{Heap before GC invocations=1 (full 0):
 garbage-first heap   total 129024K, used 39341K [0x0000000083000000, 0x0000000100000000)
  region size 1024K, 36 young (36864K), 3 survivors (3072K)
 Metaspace       used 9215K, capacity 12344K, committed 12544K, reserved 1060864K
  class space    used 953K, capacity 1260K, committed 1280K, reserved 1048576K
}
Event: 2.792 GC heap after
{Heap after GC invocations=2 (full 0):
 garbage-first heap   total 129024K, used 15658K [0x0000000083000000, 0x0000000100000000)
  region size 1024K, 5 young (5120K), 5 survivors (5120K)
 Metaspace       used 9215K, capacity 12344K, committed 12544K, reserved 1060864K
  class space    used 953K, capacity 1260K, committed 1280K, reserved 1048576K
}
Event: 3.219 GC heap before
{Heap before GC invocations=2 (full 0):
 garbage-first heap   total 129024K, used 63786K [0x0000000083000000, 0x0000000100000000)
  region size 1024K, 48 young (49152K), 5 survivors (5120K)
 Metaspace       used 9528K, capacity 12600K, committed 12800K, reserved 1060864K
  class space    used 974K, capacity 1260K, committed 1280K, reserved 1048576K
}
Event: 3.273 GC heap after
{Heap after GC invocations=3 (full 0):
 garbage-first heap   total 129024K, used 36134K [0x0000000083000000, 0x0000000100000000)
  region size 1024K, 6 young (6144K), 6 survivors (6144K)
 Metaspace       used 9528K, capacity 12600K, committed 12800K, reserved 1060864K
  class space    used 974K, capacity 1260K, committed 1280K, reserved 1048576K
}
Event: 3.376 GC heap before
{Heap before GC invocations=3 (full 0):
 garbage-first heap   total 129024K, used 53542K [0x0000000083000000, 0x0000000100000000)
  region size 1024K, 23 young (23552K), 6 survivors (6144K)
 Metaspace       used 9533K, capacity 12600K, committed 12800K, reserved 1060864K
  class space    used 974K, capacity 1260K, committed 1280K, reserved 1048576K
}
Event: 3.405 GC heap after
{Heap after GC invocations=4 (full 0):
 garbage-first heap   total 129024K, used 42496K [0x0000000083000000, 0x0000000100000000)
  region size 1024K, 3 young (3072K), 3 survivors (3072K)
 Metaspace       used 9533K, capacity 12600K, committed 12800K, reserved 1060864K
  class space    used 974K, capacity 1260K, committed 1280K, reserved 1048576K
}
Event: 3.637 GC heap before
{Heap before GC invocations=4 (full 0):
 garbage-first heap   total 129024K, used 83456K [0x0000000083000000, 0x0000000100000000)
  region size 1024K, 40 young (40960K), 3 survivors (3072K)
 Metaspace       used 9580K, capacity 12600K, committed 12800K, reserved 1060864K
  class space    used 974K, capacity 1260K, committed 1280K, reserved 1048576K
}
Event: 3.677 GC heap after
{Heap after GC invocations=5 (full 0):
 garbage-first heap   total 207872K, used 61952K [0x0000000083000000, 0x0000000100000000)
  region size 1024K, 5 young (5120K), 5 survivors (5120K)
 Metaspace       used 9580K, capacity 12600K, committed 12800K, reserved 1060864K
  class space    used 974K, capacity 1260K, committed 1280K, reserved 1048576K
}
Event: 4.111 GC heap before
{Heap before GC invocations=5 (full 0):
 garbage-first heap   total 207872K, used 128512K [0x0000000083000000, 0x0000000100000000)
  region size 1024K, 55 young (56320K), 5 survivors (5120K)
 Metaspace       used 9603K, capacity 12600K, committed 12800K, reserved 1060864K
  class space    used 974K, capacity 1260K, committed 1280K, reserved 1048576K
}
Event: 4.150 GC heap after
{Heap after GC invocations=6 (full 0):
 garbage-first heap   total 207872K, used 84480K [0x0000000083000000, 0x0000000100000000)
  region size 1024K, 7 young (7168K), 7 survivors (7168K)
 Metaspace       used 9603K, capacity 12600K, committed 12800K, reserved 1060864K
  class space    used 974K, capacity 1260K, committed 1280K, reserved 1048576K
}
Event: 4.545 GC heap before
{Heap before GC invocations=6 (full 0):
 garbage-first heap   total 207872K, used 140800K [0x0000000083000000, 0x0000000100000000)
  region size 1024K, 54 young (55296K), 7 survivors (7168K)
 Metaspace       used 9613K, capacity 12664K, committed 12800K, reserved 1060864K
  class space    used 974K, capacity 1260K, committed 1280K, reserved 1048576K
}
Event: 4.585 GC heap after
{Heap after GC invocations=7 (full 0):
 garbage-first heap   total 207872K, used 101888K [0x0000000083000000, 0x0000000100000000)
  region size 1024K, 7 young (7168K), 7 survivors (7168K)
 Metaspace       used 9613K, capacity 12664K, committed 12800K, reserved 1060864K
  class space    used 974K, capacity 1260K, committed 1280K, reserved 1048576K
}
Event: 4.865 GC heap before
{Heap before GC invocations=7 (full 0):
 garbage-first heap   total 207872K, used 142848K [0x0000000083000000, 0x0000000100000000)
  region size 1024K, 47 young (48128K), 7 survivors (7168K)
 Metaspace       used 9618K, capacity 12664K, committed 12800K, reserved 1060864K
  class space    used 974K, capacity 1260K, committed 1280K, reserved 1048576K
}
Event: 4.910 GC heap after
{Heap after GC invocations=8 (full 0):
 garbage-first heap   total 207872K, used 121856K [0x0000000083000000, 0x0000000100000000)
  region size 1024K, 6 young (6144K), 6 survivors (6144K)
 Metaspace       used 9618K, capacity 12664K, committed 12800K, reserved 1060864K
  class space    used 974K, capacity 1260K, committed 1280K, reserved 1048576K
}
Event: 5.083 GC heap before
{Heap before GC invocations=8 (full 0):
 garbage-first heap   total 207872K, used 164864K [0x0000000083000000, 0x0000000100000000)
  region size 1024K, 35 young (35840K), 6 survivors (6144K)
 Metaspace       used 9620K, capacity 12664K, committed 12800K, reserved 1060864K
  class space    used 974K, capacity 1260K, committed 1280K, reserved 1048576K
}

