# JRE version: OpenJDK Runtime Environment (15.0.1+9) (build 15.0.1+9-18)
# Java VM: OpenJDK 64-Bit Server VM (15.0.1+9-18, mixed mode, sharing, tiered, g1 gc, windows-amd64)
GC Precious Log:
 CPUs: 8 total, 8 available
 Memory: 7998M
 Large Page Support: Disabled
 NUMA Support: Disabled
 Compressed Oops: Disabled
 Heap Region Size: 32M
 Heap Min Capacity: 32M
 Heap Initial Capacity: 128M
 Heap Max Capacity: 50G
 Pre-touch: Disabled
 Parallel Workers: 8
 Concurrent Workers: 2
 Concurrent Refinement Workers: 8
 Periodic GC: Disabled
Heap:
 garbage-first heap   total 6815744K, used 6492973K [0x000001886a000000, 0x00000194ea000000)
  region size 32768K, 4 young (131072K), 1 survivors (32768K)
 Metaspace       used 7502K, capacity 10506K, committed 10752K, reserved 1058816K
  class space    used 628K, capacity 942K, committed 1024K, reserved 1048576K
GC Heap History (20 events):
Event: 432.077 GC heap before
{Heap before GC invocations=32 (full 0):
 garbage-first heap   total 4259840K, used 2724861K [0x000001886a000000, 0x00000194ea000000)
  region size 32768K, 4 young (131072K), 1 survivors (32768K)
 Metaspace       used 7419K, capacity 10442K, committed 10752K, reserved 1058816K
  class space    used 628K, capacity 942K, committed 1024K, reserved 1048576K
}
Event: 432.081 GC heap after
{Heap after GC invocations=33 (full 0):
 garbage-first heap   total 4259840K, used 5083K [0x000001886a000000, 0x00000194ea000000)
  region size 32768K, 1 young (32768K), 1 survivors (32768K)
 Metaspace       used 7419K, capacity 10442K, committed 10752K, reserved 1058816K
  class space    used 628K, capacity 942K, committed 1024K, reserved 1048576K
}
Event: 433.388 GC heap before
{Heap before GC invocations=34 (full 0):
 garbage-first heap   total 2293760K, used 1709019K [0x000001886a000000, 0x00000194ea000000)
  region size 32768K, 3 young (98304K), 1 survivors (32768K)
 Metaspace       used 7427K, capacity 10442K, committed 10752K, reserved 1058816K
  class space    used 628K, capacity 942K, committed 1024K, reserved 1048576K
}
Event: 433.390 GC heap after
{Heap after GC invocations=35 (full 0):
 garbage-first heap   total 2293760K, used 1676039K [0x000001886a000000, 0x00000194ea000000)
  region size 32768K, 1 young (32768K), 1 survivors (32768K)
 Metaspace       used 7427K, capacity 10442K, committed 10752K, reserved 1058816K
  class space    used 628K, capacity 942K, committed 1024K, reserved 1048576K
}
Event: 434.011 GC heap before
{Heap before GC invocations=36 (full 0):
 garbage-first heap   total 3178496K, used 2167559K [0x000001886a000000, 0x00000194ea000000)
  region size 32768K, 2 young (65536K), 1 survivors (32768K)
 Metaspace       used 7427K, capacity 10442K, committed 10752K, reserved 1058816K
  class space    used 628K, capacity 942K, committed 1024K, reserved 1048576K
}
Event: 434.014 GC heap after
{Heap after GC invocations=37 (full 0):
 garbage-first heap   total 3178496K, used 2167577K [0x000001886a000000, 0x00000194ea000000)
  region size 32768K, 1 young (32768K), 1 survivors (32768K)
 Metaspace       used 7427K, capacity 10442K, committed 10752K, reserved 1058816K
  class space    used 628K, capacity 942K, committed 1024K, reserved 1048576K
}
Event: 440.834 GC heap before
{Heap before GC invocations=38 (full 0):
 garbage-first heap   total 4063232K, used 2724633K [0x000001886a000000, 0x00000194ea000000)
  region size 32768K, 4 young (131072K), 1 survivors (32768K)
 Metaspace       used 7431K, capacity 10442K, committed 10752K, reserved 1058816K
  class space    used 628K, capacity 942K, committed 1024K, reserved 1048576K
}
Event: 440.837 GC heap after
{Heap after GC invocations=39 (full 0):
 garbage-first heap   total 4063232K, used 4860K [0x000001886a000000, 0x00000194ea000000)
  region size 32768K, 1 young (32768K), 1 survivors (32768K)
 Metaspace       used 7431K, capacity 10442K, committed 10752K, reserved 1058816K
  class space    used 628K, capacity 942K, committed 1024K, reserved 1048576K
}
Event: 441.477 GC heap before
{Heap before GC invocations=40 (full 0):
 garbage-first heap   total 2293760K, used 1708796K [0x000001886a000000, 0x00000194ea000000)
  region size 32768K, 3 young (98304K), 1 survivors (32768K)
 Metaspace       used 7491K, capacity 10506K, committed 10752K, reserved 1058816K
  class space    used 628K, capacity 942K, committed 1024K, reserved 1048576K
}
Event: 441.478 GC heap after
{Heap after GC invocations=41 (full 0):
 garbage-first heap   total 2293760K, used 1676080K [0x000001886a000000, 0x00000194ea000000)
  region size 32768K, 1 young (32768K), 1 survivors (32768K)
 Metaspace       used 7491K, capacity 10506K, committed 10752K, reserved 1058816K
  class space    used 628K, capacity 942K, committed 1024K, reserved 1048576K
}
Event: 441.541 GC heap before
{Heap before GC invocations=42 (full 0):
 garbage-first heap   total 3244032K, used 2167600K [0x000001886a000000, 0x00000194ea000000)
  region size 32768K, 2 young (65536K), 1 survivors (32768K)
 Metaspace       used 7493K, capacity 10506K, committed 10752K, reserved 1058816K
  class space    used 628K, capacity 942K, committed 1024K, reserved 1048576K
}
Event: 441.542 GC heap after
{Heap after GC invocations=43 (full 0):
 garbage-first heap   total 3244032K, used 2167614K [0x000001886a000000, 0x00000194ea000000)
  region size 32768K, 1 young (32768K), 1 survivors (32768K)
 Metaspace       used 7493K, capacity 10506K, committed 10752K, reserved 1058816K
  class space    used 628K, capacity 942K, committed 1024K, reserved 1048576K
}
Event: 1243.215 GC heap before
{Heap before GC invocations=44 (full 0):
 garbage-first heap   total 4096000K, used 2691902K [0x000001886a000000, 0x00000194ea000000)
  region size 32768K, 3 young (98304K), 1 survivors (32768K)
 Metaspace       used 7493K, capacity 10506K, committed 10752K, reserved 1058816K
  class space    used 628K, capacity 942K, committed 1024K, reserved 1048576K
}
Event: 1243.250 GC heap after
{Heap after GC invocations=45 (full 0):
 garbage-first heap   total 4096000K, used 4901K [0x000001886a000000, 0x00000194ea000000)
  region size 32768K, 1 young (32768K), 1 survivors (32768K)
 Metaspace       used 7493K, capacity 10506K, committed 10752K, reserved 1058816K
  class space    used 628K, capacity 942K, committed 1024K, reserved 1048576K
}
Event: 1244.965 GC heap before
{Heap before GC invocations=46 (full 0):
 garbage-first heap   total 2293760K, used 1676069K [0x000001886a000000, 0x00000194ea000000)
  region size 32768K, 2 young (65536K), 1 survivors (32768K)
 Metaspace       used 7493K, capacity 10506K, committed 10752K, reserved 1058816K
  class space    used 628K, capacity 942K, committed 1024K, reserved 1048576K
}
Event: 1244.975 GC heap after
{Heap after GC invocations=47 (full 0):
 garbage-first heap   total 2293760K, used 1676099K [0x000001886a000000, 0x00000194ea000000)
  region size 32768K, 1 young (32768K), 1 survivors (32768K)
 Metaspace       used 7493K, capacity 10506K, committed 10752K, reserved 1058816K
  class space    used 628K, capacity 942K, committed 1024K, reserved 1048576K
}
Event: 1245.653 GC heap before
{Heap before GC invocations=48 (full 0):
 garbage-first heap   total 3276800K, used 2167619K [0x000001886a000000, 0x00000194ea000000)
  region size 32768K, 2 young (65536K), 1 survivors (32768K)
 Metaspace       used 7493K, capacity 10506K, committed 10752K, reserved 1058816K
  class space    used 628K, capacity 942K, committed 1024K, reserved 1048576K
}
Event: 1245.772 GC heap after
{Heap after GC invocations=49 (full 0):
 garbage-first heap   total 3276800K, used 2167625K [0x000001886a000000, 0x00000194ea000000)
  region size 32768K, 1 young (32768K), 1 survivors (32768K)
 Metaspace       used 7493K, capacity 10506K, committed 10752K, reserved 1058816K
  class space    used 628K, capacity 942K, committed 1024K, reserved 1048576K
}
Event: 1377.598 GC heap before
{Heap before GC invocations=50 (full 0):
 garbage-first heap   total 4161536K, used 2691913K [0x000001886a000000, 0x00000194ea000000)
  region size 32768K, 3 young (98304K), 1 survivors (32768K)
 Metaspace       used 7493K, capacity 10506K, committed 10752K, reserved 1058816K
  class space    used 628K, capacity 942K, committed 1024K, reserved 1048576K
}
Event: 1377.968 GC heap after
{Heap after GC invocations=51 (full 0):
 garbage-first heap   total 4161536K, used 4909K [0x000001886a000000, 0x00000194ea000000)
  region size 32768K, 1 young (32768K), 1 survivors (32768K)
 Metaspace       used 7493K, capacity 10506K, committed 10752K, reserved 1058816K
  class space    used 628K, capacity 942K, committed 1024K, reserved 1048576K
}

