# JRE version: OpenJDK Runtime Environment (15.0.1+9) (build 15.0.1+9-18)
# Java VM: OpenJDK 64-Bit Server VM (15.0.1+9-18, mixed mode, sharing, tiered, compressed oops, g1 gc, windows-amd64)
GC Precious Log:
 CPUs: 8 total, 8 available
 Memory: 7998M
 Large Page Support: Disabled
 NUMA Support: Disabled
 Compressed Oops: Enabled (32-bit)
 Heap Region Size: 1M
 Heap Min Capacity: 8M
 Heap Initial Capacity: 126M
 Heap Max Capacity: 2000M
 Pre-touch: Disabled
 Parallel Workers: 8
 Concurrent Workers: 2
 Concurrent Refinement Workers: 8
 Periodic GC: Disabled
Heap:
 garbage-first heap   total 1058816K, used 231424K [0x0000000083000000, 0x0000000100000000)
  region size 1024K, 3 young (3072K), 3 survivors (3072K)
 Metaspace       used 9669K, capacity 12664K, committed 12800K, reserved 1060864K
  class space    used 974K, capacity 1260K, committed 1280K, reserved 1048576K
GC Heap History (20 events):
Event: 12.244 GC heap after
{Heap after GC invocations=10 (full 0):
 garbage-first heap   total 161792K, used 88576K [0x0000000083000000, 0x0000000100000000)
  region size 1024K, 5 young (5120K), 5 survivors (5120K)
 Metaspace       used 9657K, capacity 12664K, committed 12800K, reserved 1060864K
  class space    used 974K, capacity 1260K, committed 1280K, reserved 1048576K
}
Event: 12.710 GC heap before
{Heap before GC invocations=11 (full 0):
 garbage-first heap   total 174080K, used 125440K [0x0000000083000000, 0x0000000100000000)
  region size 1024K, 30 young (30720K), 5 survivors (5120K)
 Metaspace       used 9657K, capacity 12664K, committed 12800K, reserved 1060864K
  class space    used 974K, capacity 1260K, committed 1280K, reserved 1048576K
}
Event: 12.761 GC heap after
{Heap after GC invocations=12 (full 0):
 garbage-first heap   total 208896K, used 97141K [0x0000000083000000, 0x0000000100000000)
  region size 1024K, 4 young (4096K), 4 survivors (4096K)
 Metaspace       used 9657K, capacity 12664K, committed 12800K, reserved 1060864K
  class space    used 974K, capacity 1260K, committed 1280K, reserved 1048576K
}
Event: 13.463 GC heap before
{Heap before GC invocations=12 (full 0):
 garbage-first heap   total 208896K, used 142197K [0x0000000083000000, 0x0000000100000000)
  region size 1024K, 48 young (49152K), 4 survivors (4096K)
 Metaspace       used 9663K, capacity 12664K, committed 12800K, reserved 1060864K
  class space    used 974K, capacity 1260K, committed 1280K, reserved 1048576K
}
Event: 13.486 GC heap after
{Heap after GC invocations=13 (full 0):
 garbage-first heap   total 208896K, used 111455K [0x0000000083000000, 0x0000000100000000)
  region size 1024K, 6 young (6144K), 6 survivors (6144K)
 Metaspace       used 9663K, capacity 12664K, committed 12800K, reserved 1060864K
  class space    used 974K, capacity 1260K, committed 1280K, reserved 1048576K
}
Event: 14.016 GC heap before
{Heap before GC invocations=13 (full 0):
 garbage-first heap   total 208896K, used 150367K [0x0000000083000000, 0x0000000100000000)
  region size 1024K, 44 young (45056K), 6 survivors (6144K)
 Metaspace       used 9663K, capacity 12664K, committed 12800K, reserved 1060864K
  class space    used 974K, capacity 1260K, committed 1280K, reserved 1048576K
}
Event: 14.040 GC heap after
{Heap after GC invocations=14 (full 0):
 garbage-first heap   total 208896K, used 124416K [0x0000000083000000, 0x0000000100000000)
  region size 1024K, 6 young (6144K), 6 survivors (6144K)
 Metaspace       used 9663K, capacity 12664K, committed 12800K, reserved 1060864K
  class space    used 974K, capacity 1260K, committed 1280K, reserved 1048576K
}
Event: 14.777 GC heap before
{Heap before GC invocations=15 (full 0):
 garbage-first heap   total 229376K, used 156160K [0x0000000083000000, 0x0000000100000000)
  region size 1024K, 37 young (37888K), 6 survivors (6144K)
 Metaspace       used 9664K, capacity 12664K, committed 12800K, reserved 1060864K
  class space    used 974K, capacity 1260K, committed 1280K, reserved 1048576K
}
Event: 14.808 GC heap after
{Heap after GC invocations=16 (full 0):
 garbage-first heap   total 229376K, used 151552K [0x0000000083000000, 0x0000000100000000)
  region size 1024K, 5 young (5120K), 5 survivors (5120K)
 Metaspace       used 9664K, capacity 12664K, committed 12800K, reserved 1060864K
  class space    used 974K, capacity 1260K, committed 1280K, reserved 1048576K
}
Event: 14.876 GC heap before
{Heap before GC invocations=16 (full 0):
 garbage-first heap   total 229376K, used 173056K [0x0000000083000000, 0x0000000100000000)
  region size 1024K, 26 young (26624K), 5 survivors (5120K)
 Metaspace       used 9664K, capacity 12664K, committed 12800K, reserved 1060864K
  class space    used 974K, capacity 1260K, committed 1280K, reserved 1048576K
}
Event: 14.943 GC heap after
{Heap after GC invocations=17 (full 0):
 garbage-first heap   total 289792K, used 171520K [0x0000000083000000, 0x0000000100000000)
  region size 1024K, 4 young (4096K), 4 survivors (4096K)
 Metaspace       used 9664K, capacity 12664K, committed 12800K, reserved 1060864K
  class space    used 974K, capacity 1260K, committed 1280K, reserved 1048576K
}
Event: 15.628 GC heap before
{Heap before GC invocations=18 (full 0):
 garbage-first heap   total 353280K, used 226816K [0x0000000083000000, 0x0000000100000000)
  region size 1024K, 37 young (37888K), 4 survivors (4096K)
 Metaspace       used 9665K, capacity 12664K, committed 12800K, reserved 1060864K
  class space    used 974K, capacity 1260K, committed 1280K, reserved 1048576K
}
Event: 16.163 GC heap after
{Heap after GC invocations=19 (full 0):
 garbage-first heap   total 353280K, used 196096K [0x0000000083000000, 0x0000000100000000)
  region size 1024K, 5 young (5120K), 5 survivors (5120K)
 Metaspace       used 9665K, capacity 12664K, committed 12800K, reserved 1060864K
  class space    used 974K, capacity 1260K, committed 1280K, reserved 1048576K
}
Event: 16.774 GC heap before
{Heap before GC invocations=19 (full 0):
 garbage-first heap   total 353280K, used 243200K [0x0000000083000000, 0x0000000100000000)
  region size 1024K, 51 young (52224K), 5 survivors (5120K)
 Metaspace       used 9665K, capacity 12664K, committed 12800K, reserved 1060864K
  class space    used 974K, capacity 1260K, committed 1280K, reserved 1048576K
}
Event: 16.808 GC heap after
{Heap after GC invocations=20 (full 0):
 garbage-first heap   total 353280K, used 223079K [0x0000000083000000, 0x0000000100000000)
  region size 1024K, 7 young (7168K), 7 survivors (7168K)
 Metaspace       used 9665K, capacity 12664K, committed 12800K, reserved 1060864K
  class space    used 974K, capacity 1260K, committed 1280K, reserved 1048576K
}
Event: 17.108 GC heap before
{Heap before GC invocations=20 (full 0):
 garbage-first heap   total 353280K, used 265063K [0x0000000083000000, 0x0000000100000000)
  region size 1024K, 44 young (45056K), 7 survivors (7168K)
 Metaspace       used 9669K, capacity 12664K, committed 12800K, reserved 1060864K
  class space    used 974K, capacity 1260K, committed 1280K, reserved 1048576K
}
Event: 17.121 GC heap after
{Heap after GC invocations=21 (full 0):
 garbage-first heap   total 353280K, used 240128K [0x0000000083000000, 0x0000000100000000)
  region size 1024K, 6 young (6144K), 6 survivors (6144K)
 Metaspace       used 9669K, capacity 12664K, committed 12800K, reserved 1060864K
  class space    used 974K, capacity 1260K, committed 1280K, reserved 1048576K
}
Event: 18.792 GC heap before
{Heap before GC invocations=22 (full 0):
 garbage-first heap   total 423936K, used 272896K [0x0000000083000000, 0x0000000100000000)
  region size 1024K, 35 young (35840K), 6 survivors (6144K)
 Metaspace       used 9669K, capacity 12664K, committed 12800K, reserved 1060864K
  class space    used 974K, capacity 1260K, committed 1280K, reserved 1048576K
}
Event: 18.819 GC heap after
{Heap after GC invocations=23 (full 0):
 garbage-first heap   total 423936K, used 259445K [0x0000000083000000, 0x0000000100000000)
  region size 1024K, 5 young (5120K), 5 survivors (5120K)
 Metaspace       used 9669K, capacity 12664K, committed 12800K, reserved 1060864K
  class space    used 974K, capacity 1260K, committed 1280K, reserved 1048576K
}
Event: 19.119 GC heap before
{Heap before GC invocations=23 (full 0):
 garbage-first heap   total 423936K, used 273781K [0x0000000083000000, 0x0000000100000000)
  region size 1024K, 20 young (20480K), 5 survivors (5120K)
 Metaspace       used 9669K, capacity 12664K, committed 12800K, reserved 1060864K
  class space    used 974K, capacity 1260K, committed 1280K, reserved 1048576K
}

