# JRE version: OpenJDK Runtime Environment (15.0.1+9) (build 15.0.1+9-18)
# Java VM: OpenJDK 64-Bit Server VM (15.0.1+9-18, mixed mode, sharing, tiered, compressed oops, g1 gc, windows-amd64)
GC Precious Log:
 CPUs: 8 total, 8 available
 Memory: 7998M
 Large Page Support: Disabled
 NUMA Support: Disabled
 Compressed Oops: Enabled (32-bit)
 Heap Region Size: 1M
 Heap Min Capacity: 8M
 Heap Initial Capacity: 126M
 Heap Max Capacity: 2000M
 Pre-touch: Disabled
 Parallel Workers: 8
 Concurrent Workers: 2
 Concurrent Refinement Workers: 8
 Periodic GC: Disabled
Heap:
 garbage-first heap   total 448512K, used 132096K [0x0000000083000000, 0x0000000100000000)
  region size 1024K, 2 young (2048K), 2 survivors (2048K)
 Metaspace       used 9614K, capacity 12664K, committed 12800K, reserved 1060864K
  class space    used 974K, capacity 1260K, committed 1280K, reserved 1048576K
GC Heap History (20 events):
Event: 8.101 GC heap after
{Heap after GC invocations=5 (full 0):
 garbage-first heap   total 169984K, used 75776K [0x0000000083000000, 0x0000000100000000)
  region size 1024K, 4 young (4096K), 4 survivors (4096K)
 Metaspace       used 9323K, capacity 12408K, committed 12544K, reserved 1060864K
  class space    used 955K, capacity 1260K, committed 1280K, reserved 1048576K
}
Event: 9.058 GC heap before
{Heap before GC invocations=5 (full 0):
 garbage-first heap   total 169984K, used 87040K [0x0000000083000000, 0x0000000100000000)
  region size 1024K, 13 young (13312K), 4 survivors (4096K)
 Metaspace       used 9342K, capacity 12408K, committed 12544K, reserved 1060864K
  class space    used 955K, capacity 1260K, committed 1280K, reserved 1048576K
}
Event: 9.124 GC heap after
{Heap after GC invocations=6 (full 0):
 garbage-first heap   total 169984K, used 85504K [0x0000000083000000, 0x0000000100000000)
  region size 1024K, 5 young (5120K), 5 survivors (5120K)
 Metaspace       used 9342K, capacity 12408K, committed 12544K, reserved 1060864K
  class space    used 955K, capacity 1260K, committed 1280K, reserved 1048576K
}
Event: 10.967 GC heap before
{Heap before GC invocations=7 (full 0):
 garbage-first heap   total 169984K, used 128512K [0x0000000083000000, 0x0000000100000000)
  region size 1024K, 29 young (29696K), 5 survivors (5120K)
 Metaspace       used 9445K, capacity 12536K, committed 12800K, reserved 1060864K
  class space    used 963K, capacity 1260K, committed 1280K, reserved 1048576K
}
Event: 10.992 GC heap after
{Heap after GC invocations=8 (full 0):
 garbage-first heap   total 169984K, used 102400K [0x0000000083000000, 0x0000000100000000)
  region size 1024K, 4 young (4096K), 4 survivors (4096K)
 Metaspace       used 9445K, capacity 12536K, committed 12800K, reserved 1060864K
  class space    used 963K, capacity 1260K, committed 1280K, reserved 1048576K
}
Event: 11.065 GC heap before
{Heap before GC invocations=8 (full 0):
 garbage-first heap   total 169984K, used 106496K [0x0000000083000000, 0x0000000100000000)
  region size 1024K, 8 young (8192K), 4 survivors (4096K)
 Metaspace       used 9445K, capacity 12536K, committed 12800K, reserved 1060864K
  class space    used 963K, capacity 1260K, committed 1280K, reserved 1048576K
}
Event: 11.111 GC heap after
{Heap after GC invocations=9 (full 0):
 garbage-first heap   total 169984K, used 91648K [0x0000000083000000, 0x0000000100000000)
  region size 1024K, 1 young (1024K), 1 survivors (1024K)
 Metaspace       used 9445K, capacity 12536K, committed 12800K, reserved 1060864K
  class space    used 963K, capacity 1260K, committed 1280K, reserved 1048576K
}
Event: 11.225 GC heap before
{Heap before GC invocations=9 (full 0):
 garbage-first heap   total 169984K, used 98816K [0x0000000083000000, 0x0000000100000000)
  region size 1024K, 8 young (8192K), 1 survivors (1024K)
 Metaspace       used 9447K, capacity 12536K, committed 12800K, reserved 1060864K
  class space    used 964K, capacity 1260K, committed 1280K, reserved 1048576K
}
Event: 11.259 GC heap after
{Heap after GC invocations=10 (full 0):
 garbage-first heap   total 224256K, used 83968K [0x0000000083000000, 0x0000000100000000)
  region size 1024K, 1 young (1024K), 1 survivors (1024K)
 Metaspace       used 9447K, capacity 12536K, committed 12800K, reserved 1060864K
  class space    used 964K, capacity 1260K, committed 1280K, reserved 1048576K
}
Event: 11.717 GC heap before
{Heap before GC invocations=10 (full 0):
 garbage-first heap   total 224256K, used 132096K [0x0000000083000000, 0x0000000100000000)
  region size 1024K, 48 young (49152K), 1 survivors (1024K)
 Metaspace       used 9543K, capacity 12600K, committed 12800K, reserved 1060864K
  class space    used 971K, capacity 1260K, committed 1280K, reserved 1048576K
}
Event: 12.210 GC heap after
{Heap after GC invocations=11 (full 0):
 garbage-first heap   total 224256K, used 110592K [0x0000000083000000, 0x0000000100000000)
  region size 1024K, 6 young (6144K), 6 survivors (6144K)
 Metaspace       used 9543K, capacity 12600K, committed 12800K, reserved 1060864K
  class space    used 971K, capacity 1260K, committed 1280K, reserved 1048576K
}
Event: 12.331 GC heap before
{Heap before GC invocations=11 (full 0):
 garbage-first heap   total 224256K, used 116736K [0x0000000083000000, 0x0000000100000000)
  region size 1024K, 13 young (13312K), 6 survivors (6144K)
 Metaspace       used 9560K, capacity 12600K, committed 12800K, reserved 1060864K
  class space    used 971K, capacity 1260K, committed 1280K, reserved 1048576K
}
Event: 12.336 GC heap after
{Heap after GC invocations=12 (full 0):
 garbage-first heap   total 224256K, used 113152K [0x0000000083000000, 0x0000000100000000)
  region size 1024K, 1 young (1024K), 1 survivors (1024K)
 Metaspace       used 9560K, capacity 12600K, committed 12800K, reserved 1060864K
  class space    used 971K, capacity 1260K, committed 1280K, reserved 1048576K
}
Event: 12.650 GC heap before
{Heap before GC invocations=13 (full 0):
 garbage-first heap   total 224256K, used 117248K [0x0000000083000000, 0x0000000100000000)
  region size 1024K, 9 young (9216K), 1 survivors (1024K)
 Metaspace       used 9565K, capacity 12600K, committed 12800K, reserved 1060864K
  class space    used 971K, capacity 1260K, committed 1280K, reserved 1048576K
}
Event: 12.652 GC heap after
{Heap after GC invocations=14 (full 0):
 garbage-first heap   total 224256K, used 109148K [0x0000000083000000, 0x0000000100000000)
  region size 1024K, 1 young (1024K), 1 survivors (1024K)
 Metaspace       used 9565K, capacity 12600K, committed 12800K, reserved 1060864K
  class space    used 971K, capacity 1260K, committed 1280K, reserved 1048576K
}
Event: 13.562 GC heap before
{Heap before GC invocations=15 (full 0):
 garbage-first heap   total 224256K, used 152156K [0x0000000083000000, 0x0000000100000000)
  region size 1024K, 43 young (44032K), 1 survivors (1024K)
 Metaspace       used 9608K, capacity 12664K, committed 12800K, reserved 1060864K
  class space    used 974K, capacity 1260K, committed 1280K, reserved 1048576K
}
Event: 13.608 GC heap after
{Heap after GC invocations=16 (full 0):
 garbage-first heap   total 224256K, used 132051K [0x0000000083000000, 0x0000000100000000)
  region size 1024K, 6 young (6144K), 6 survivors (6144K)
 Metaspace       used 9608K, capacity 12664K, committed 12800K, reserved 1060864K
  class space    used 974K, capacity 1260K, committed 1280K, reserved 1048576K
}
Event: 14.746 GC heap before
{Heap before GC invocations=17 (full 0):
 garbage-first heap   total 224256K, used 161747K [0x0000000083000000, 0x0000000100000000)
  region size 1024K, 38 young (38912K), 6 survivors (6144K)
 Metaspace       used 9614K, capacity 12664K, committed 12800K, reserved 1060864K
  class space    used 974K, capacity 1260K, committed 1280K, reserved 1048576K
}
Event: 14.769 GC heap after
{Heap after GC invocations=18 (full 0):
 garbage-first heap   total 224256K, used 136192K [0x0000000083000000, 0x0000000100000000)
  region size 1024K, 5 young (5120K), 5 survivors (5120K)
 Metaspace       used 9614K, capacity 12664K, committed 12800K, reserved 1060864K
  class space    used 974K, capacity 1260K, committed 1280K, reserved 1048576K
}
Event: 14.827 GC heap before
{Heap before GC invocations=18 (full 0):
 garbage-first heap   total 224256K, used 141312K [0x0000000083000000, 0x0000000100000000)
  region size 1024K, 10 young (10240K), 5 survivors (5120K)
 Metaspace       used 9614K, capacity 12664K, committed 12800K, reserved 1060864K
  class space    used 974K, capacity 1260K, committed 1280K, reserved 1048576K
}

